<!DOCTYPE html PUBLIC "-//W3C//DTD XHTML 1.1//EN" "http://www.w3.org/TR/xhtml11/DTD/xhtml11.dtd">
<html xmlns="http://www.w3.org/1999/xhtml"><head><title>TestNG Report</title><style type="text/css">table {margin-bottom:10px;border-collapse:collapse;empty-cells:show;width: 100%;}th,td {border:1px solid #009;padding:.25em .5em}th {vertical-align:bottom}td {vertical-align:top}table a {font-weight:bold}.stripe td {background-color: #E6EBF9}.num {text-align:center}.passedodd td {background-color: #3F3}.passedeven td {background-color: #0A0}.skippedodd td {background-color: #FFA500}.skippedeven td {background-color: #FFA500}.failedodd td,.attn {background-color: #F33}.failedeven td,.stripe .attn {background-color: #D00}.stacktrace {white-space:pre;font-family:monospace}.totop {font-size:85%;text-align:center;border-bottom:2px solid #000}.orange-bg {background-color: #FFA500}.green-bg {background-color: #0A0}</style></head><body><table><tr><th colspan="7">Android Regclient Ui Automation      -------   Env - qa-base.mosip.net</th></tr><tr><th colspan="7"><span class="not-bold"><pre>Date and Time  Friday 14 November 02:35:13</pre></span><tr><th># Passed</th><th># Skipped</th><th># Failed</th><th>Time (ms)</th></tr><tr><td class="num green-bg">10</td><td class="num">0</td><td class="num attn">2</td><td class="num">6,344,575</td></tr></table><table id='summary'><thead><tr><th> Test </th><th>Time (ms)</th></tr></thead><tbody id="t0"><tr><th colspan="2">Scenarios &#8212; Failed</th></tr><tr class="failedeven"><td><a href="#m0">newRegistrationInfant</a></td><td>296438</td></tr><tr class="failedodd"><td><a href="#m1">settings</a></td><td>153900</td></tr><tr><th colspan="2">Scenarios &#8212; Passed</th></tr><tr class="passedeven"><td><a href="#m2">lostUinAdult</a></td><td>293177</td></tr><tr class="passedodd"><td><a href="#m3">newRegistrationAdult</a></td><td>714543</td></tr><tr class="passedeven"><td><a href="#m4">newRegistrationAdultException</a></td><td>586630</td></tr><tr class="passedodd"><td><a href="#m5">newRegistrationMinor</a></td><td>789251</td></tr><tr class="passedeven"><td><a href="#m6">newRegistrationMinorException</a></td><td>778336</td></tr><tr class="passedodd"><td><a href="#m7">updateMyUINUpdateDemographicDetails</a></td><td>550602</td></tr><tr class="passedeven"><td><a href="#m8">updateMyUinInfant</a></td><td>634569</td></tr><tr class="passedodd"><td><a href="#m9">updateMyUinMinor</a></td><td>821669</td></tr><tr class="passedeven"><td><a href="#m10">updateMyUINUpdatebiometrics</a></td><td>260453</td></tr><tr class="passedodd"><td><a href="#m11">updateMyUinUpdateDocuments</a></td><td>327237</td></tr></tbody></table><h3 id="m0">regclient.androidTestCases.NewRegistrationInfant#newRegistrationInfant</h3><table class="result"><tr><th colspan="0">Exception</th></tr><tr><td colspan="0"><div class="stacktrace">org.openqa.selenium.TimeoutException: Expected condition failed: waiting for visibility of Located by By.chained({AppiumBy.accessibilityId: CONTINUE}) (tried for 30 second(s) with 500 milliseconds interval)
	at org.openqa.selenium.support.ui.WebDriverWait.timeoutException(WebDriverWait.java:84)
	at org.openqa.selenium.support.ui.FluentWait.until(FluentWait.java:230)
	at regclient.page.BasePage.waitForElementToBeVisible(BasePage.java:80)
	at regclient.page.BasePage.clickOnElement(BasePage.java:74)
	at regclient.pages.english.BiometricDetailsPageEnglish.clickOnContinueButton(BiometricDetailsPageEnglish.java:138)
	at regclient.androidTestCases.NewRegistrationInfant.newRegistrationInfant(NewRegistrationInfant.java:363)
	at java.base/java.util.ArrayList.forEach(ArrayList.java:1596)
	at regclient.utils.TestRunner.main(TestRunner.java:136)
Caused by: org.openqa.selenium.NoSuchElementException: Can&apos;t locate an element by this strategy: By.chained({AppiumBy.accessibilityId: CONTINUE})
	at io.appium.java_client.pagefactory.AppiumElementLocator.findElement(AppiumElementLocator.java:166)
	at io.appium.java_client.pagefactory.interceptors.InterceptorOfASingleElement.call(InterceptorOfASingleElement.java:64)
	at io.appium.java_client.proxy.Interceptor.intercept(Interceptor.java:78)
	at org.openqa.selenium.remote.RemoteWebElement$ByteBuddy$2MzC2fPB.isDisplayed(Unknown Source)
	at org.openqa.selenium.support.ui.ExpectedConditions.elementIfVisible(ExpectedConditions.java:304)
	at org.openqa.selenium.support.ui.ExpectedConditions.access$000(ExpectedConditions.java:37)
	at org.openqa.selenium.support.ui.ExpectedConditions$10.apply(ExpectedConditions.java:290)
	at org.openqa.selenium.support.ui.ExpectedConditions$10.apply(ExpectedConditions.java:287)
	at org.openqa.selenium.support.ui.FluentWait.until(FluentWait.java:205)
	... 28 more
Caused by: org.openqa.selenium.TimeoutException: Expected condition failed: waiting for io.appium.java_client.pagefactory.AppiumElementLocator$WaitingFunction@1b95a239 (tried for 1 second(s) with 500 milliseconds interval)
	at org.openqa.selenium.support.ui.FluentWait.timeoutException(FluentWait.java:262)
	at org.openqa.selenium.support.ui.FluentWait.until(FluentWait.java:230)
	at io.appium.java_client.pagefactory.AppiumElementLocator.waitFor(AppiumElementLocator.java:135)
	at io.appium.java_client.pagefactory.AppiumElementLocator.findElement(AppiumElementLocator.java:160)
	... 36 more
Caused by: org.openqa.selenium.NoSuchElementException: Cannot locate an element using By.chained({AppiumBy.accessibilityId: CONTINUE})
For documentation on this error, please visit: https://www.selenium.dev/documentation/webdriver/troubleshooting/errors#no-such-element-exception
Build info: version: &apos;4.13.0&apos;, revision: &apos;ba948ece5b*&apos;
System info: os.name: &apos;Windows 11&apos;, os.arch: &apos;amd64&apos;, os.version: &apos;10.0&apos;, java.version: &apos;21.0.4&apos;
Driver info: driver.version: RemoteWebDriver
	at io.appium.java_client.pagefactory.bys.builder.ByChained.findElement(ByChained.java:77)
	at org.openqa.selenium.remote.ElementLocation$ElementFinder$1.findElement(ElementLocation.java:139)
	at org.openqa.selenium.remote.ElementLocation.findElement(ElementLocation.java:59)
	at org.openqa.selenium.remote.RemoteWebDriver.findElement(RemoteWebDriver.java:359)
	at org.openqa.selenium.remote.RemoteWebDriver.findElement(RemoteWebDriver.java:353)
	at io.appium.java_client.pagefactory.bys.ContentMappedBy.findElement(ContentMappedBy.java:53)
	at org.openqa.selenium.remote.ElementLocation$ElementFinder$1.findElement(ElementLocation.java:139)
	at org.openqa.selenium.remote.ElementLocation.findElement(ElementLocation.java:59)
	at org.openqa.selenium.remote.RemoteWebDriver.findElement(RemoteWebDriver.java:359)
	at org.openqa.selenium.remote.RemoteWebDriver.findElement(RemoteWebDriver.java:353)
	at io.appium.java_client.pagefactory.AppiumElementLocator.lambda$findElement$1(AppiumElementLocator.java:160)
	at io.appium.java_client.pagefactory.AppiumElementLocator$WaitingFunction.apply(AppiumElementLocator.java:217)
	at io.appium.java_client.pagefactory.AppiumElementLocator$WaitingFunction.apply(AppiumElementLocator.java:210)
	at org.openqa.selenium.support.ui.FluentWait.until(FluentWait.java:205)
	... 38 more
... Removed 22 stack frames</div></td></tr></table><p class="totop"><a href="#summary">back to summary</a></p><h3 id="m1">regclient.androidTestCases.Settings#settings</h3><table class="result"><tr><th colspan="0">Exception</th></tr><tr><td colspan="0"><div class="stacktrace">java.lang.AssertionError: Verify if global config settings header Displayed expected [true] but found [false]
	at regclient.androidTestCases.Settings.settings(Settings.java:146)
	at java.base/java.util.ArrayList.forEach(ArrayList.java:1596)
	at regclient.utils.TestRunner.main(TestRunner.java:136)
... Removed 25 stack frames</div></td></tr></table><p class="totop"><a href="#summary">back to summary</a></p></body></html>